{"D:\\Work Folder\\Claudecode Websites\\Estimato\\lib\\cost-engine\\calculate.ts": {"path":"D:\\Work Folder\\Claudecode Websites\\Estimato\\lib\\cost-engine\\calculate.ts","all":false,"statementMap":{"0":{"start":{"line":1,"column":0},"end":{"line":1,"column":63}},"12":{"start":{"line":13,"column":0},"end":{"line":13,"column":83}},"13":{"start":{"line":14,"column":0},"end":{"line":14,"column":24}},"15":{"start":{"line":16,"column":0},"end":{"line":16,"column":39}},"16":{"start":{"line":17,"column":0},"end":{"line":17,"column":92}},"17":{"start":{"line":18,"column":0},"end":{"line":18,"column":3}},"18":{"start":{"line":19,"column":0},"end":{"line":19,"column":79}},"19":{"start":{"line":20,"column":0},"end":{"line":20,"column":94}},"20":{"start":{"line":21,"column":0},"end":{"line":21,"column":98}},"21":{"start":{"line":22,"column":0},"end":{"line":22,"column":74}},"22":{"start":{"line":23,"column":0},"end":{"line":23,"column":96}},"23":{"start":{"line":24,"column":0},"end":{"line":24,"column":83}},"24":{"start":{"line":25,"column":0},"end":{"line":25,"column":81}},"25":{"start":{"line":26,"column":0},"end":{"line":26,"column":79}},"27":{"start":{"line":28,"column":0},"end":{"line":28,"column":50}},"29":{"start":{"line":30,"column":0},"end":{"line":30,"column":62}},"30":{"start":{"line":31,"column":0},"end":{"line":31,"column":74}},"31":{"start":{"line":32,"column":0},"end":{"line":32,"column":76}},"33":{"start":{"line":34,"column":0},"end":{"line":34,"column":15}},"34":{"start":{"line":35,"column":0},"end":{"line":35,"column":1}},"36":{"start":{"line":37,"column":0},"end":{"line":37,"column":57}},"37":{"start":{"line":38,"column":0},"end":{"line":38,"column":62}},"38":{"start":{"line":39,"column":0},"end":{"line":39,"column":67}},"39":{"start":{"line":40,"column":0},"end":{"line":40,"column":63}},"40":{"start":{"line":41,"column":0},"end":{"line":41,"column":93}},"41":{"start":{"line":42,"column":0},"end":{"line":42,"column":34}},"42":{"start":{"line":43,"column":0},"end":{"line":43,"column":1}},"44":{"start":{"line":45,"column":0},"end":{"line":45,"column":67}},"45":{"start":{"line":46,"column":0},"end":{"line":46,"column":62}},"46":{"start":{"line":47,"column":0},"end":{"line":47,"column":67}},"47":{"start":{"line":48,"column":0},"end":{"line":48,"column":63}},"49":{"start":{"line":50,"column":0},"end":{"line":50,"column":22}},"50":{"start":{"line":51,"column":0},"end":{"line":51,"column":74}},"52":{"start":{"line":53,"column":0},"end":{"line":53,"column":44}},"53":{"start":{"line":54,"column":0},"end":{"line":54,"column":47}},"54":{"start":{"line":55,"column":0},"end":{"line":55,"column":47}},"56":{"start":{"line":57,"column":0},"end":{"line":57,"column":21}},"57":{"start":{"line":58,"column":0},"end":{"line":58,"column":74}},"58":{"start":{"line":59,"column":0},"end":{"line":59,"column":62}},"59":{"start":{"line":60,"column":0},"end":{"line":60,"column":40}},"60":{"start":{"line":61,"column":0},"end":{"line":61,"column":52}},"61":{"start":{"line":62,"column":0},"end":{"line":62,"column":64}},"62":{"start":{"line":63,"column":0},"end":{"line":63,"column":78}},"63":{"start":{"line":64,"column":0},"end":{"line":64,"column":68}},"64":{"start":{"line":65,"column":0},"end":{"line":65,"column":4}},"66":{"start":{"line":67,"column":0},"end":{"line":67,"column":31}},"67":{"start":{"line":68,"column":0},"end":{"line":68,"column":85}},"68":{"start":{"line":69,"column":0},"end":{"line":69,"column":81}},"69":{"start":{"line":70,"column":0},"end":{"line":70,"column":81}},"70":{"start":{"line":71,"column":0},"end":{"line":71,"column":79}},"71":{"start":{"line":72,"column":0},"end":{"line":72,"column":4}},"73":{"start":{"line":74,"column":0},"end":{"line":74,"column":53}},"74":{"start":{"line":75,"column":0},"end":{"line":75,"column":53}},"75":{"start":{"line":76,"column":0},"end":{"line":76,"column":48}},"77":{"start":{"line":78,"column":0},"end":{"line":78,"column":10}},"78":{"start":{"line":79,"column":0},"end":{"line":79,"column":76}},"79":{"start":{"line":80,"column":0},"end":{"line":80,"column":72}},"80":{"start":{"line":81,"column":0},"end":{"line":81,"column":13}},"81":{"start":{"line":82,"column":0},"end":{"line":82,"column":14}},"82":{"start":{"line":83,"column":0},"end":{"line":83,"column":23}},"83":{"start":{"line":84,"column":0},"end":{"line":84,"column":18}},"84":{"start":{"line":85,"column":0},"end":{"line":85,"column":56}},"85":{"start":{"line":86,"column":0},"end":{"line":86,"column":24}},"86":{"start":{"line":87,"column":0},"end":{"line":87,"column":4}},"87":{"start":{"line":88,"column":0},"end":{"line":88,"column":1}}},"s":{"0":1,"12":480,"13":480,"15":480,"16":25,"17":25,"18":480,"19":480,"20":480,"21":480,"22":480,"23":480,"24":480,"25":480,"27":480,"29":480,"30":480,"31":480,"33":480,"34":480,"36":384,"37":384,"38":384,"39":384,"40":384,"41":384,"42":384,"44":1,"45":96,"46":96,"47":96,"49":96,"50":96,"52":96,"53":96,"54":96,"56":96,"57":96,"58":96,"59":96,"60":96,"61":96,"62":96,"63":96,"64":96,"66":96,"67":96,"68":96,"69":96,"70":96,"71":96,"73":96,"74":96,"75":96,"77":96,"78":96,"79":96,"80":96,"81":96,"82":96,"83":96,"84":96,"85":96,"86":96,"87":96},"branchMap":{"0":{"type":"branch","line":13,"loc":{"start":{"line":13,"column":0},"end":{"line":35,"column":1}},"locations":[{"start":{"line":13,"column":0},"end":{"line":35,"column":1}}]},"1":{"type":"branch","line":16,"loc":{"start":{"line":16,"column":38},"end":{"line":18,"column":3}},"locations":[{"start":{"line":16,"column":38},"end":{"line":18,"column":3}}]},"2":{"type":"branch","line":19,"loc":{"start":{"line":19,"column":36},"end":{"line":19,"column":79}},"locations":[{"start":{"line":19,"column":36},"end":{"line":19,"column":79}}]},"3":{"type":"branch","line":20,"loc":{"start":{"line":20,"column":47},"end":{"line":20,"column":94}},"locations":[{"start":{"line":20,"column":47},"end":{"line":20,"column":94}}]},"4":{"type":"branch","line":21,"loc":{"start":{"line":21,"column":49},"end":{"line":21,"column":98}},"locations":[{"start":{"line":21,"column":49},"end":{"line":21,"column":98}}]},"5":{"type":"branch","line":22,"loc":{"start":{"line":22,"column":29},"end":{"line":22,"column":74}},"locations":[{"start":{"line":22,"column":29},"end":{"line":22,"column":74}}]},"6":{"type":"branch","line":23,"loc":{"start":{"line":23,"column":46},"end":{"line":23,"column":96}},"locations":[{"start":{"line":23,"column":46},"end":{"line":23,"column":96}}]},"7":{"type":"branch","line":24,"loc":{"start":{"line":24,"column":39},"end":{"line":24,"column":83}},"locations":[{"start":{"line":24,"column":39},"end":{"line":24,"column":83}}]},"8":{"type":"branch","line":25,"loc":{"start":{"line":25,"column":36},"end":{"line":25,"column":81}},"locations":[{"start":{"line":25,"column":36},"end":{"line":25,"column":81}}]},"9":{"type":"branch","line":26,"loc":{"start":{"line":26,"column":35},"end":{"line":26,"column":79}},"locations":[{"start":{"line":26,"column":35},"end":{"line":26,"column":79}}]},"10":{"type":"branch","line":30,"loc":{"start":{"line":30,"column":32},"end":{"line":30,"column":62}},"locations":[{"start":{"line":30,"column":32},"end":{"line":30,"column":62}}]},"11":{"type":"branch","line":31,"loc":{"start":{"line":31,"column":38},"end":{"line":31,"column":74}},"locations":[{"start":{"line":31,"column":38},"end":{"line":31,"column":74}}]},"12":{"type":"branch","line":32,"loc":{"start":{"line":32,"column":39},"end":{"line":32,"column":76}},"locations":[{"start":{"line":32,"column":39},"end":{"line":32,"column":76}}]},"13":{"type":"branch","line":37,"loc":{"start":{"line":37,"column":0},"end":{"line":43,"column":1}},"locations":[{"start":{"line":37,"column":0},"end":{"line":43,"column":1}}]},"14":{"type":"branch","line":45,"loc":{"start":{"line":45,"column":7},"end":{"line":88,"column":1}},"locations":[{"start":{"line":45,"column":7},"end":{"line":88,"column":1}}]}},"b":{"0":[480],"1":[25],"2":[30],"3":[25],"4":[10],"5":[20],"6":[25],"7":[10],"8":[25],"9":[10],"10":[20],"11":[20],"12":[20],"13":[384],"14":[96]},"fnMap":{"0":{"name":"applyConfigModifiers","decl":{"start":{"line":13,"column":0},"end":{"line":35,"column":1}},"loc":{"start":{"line":13,"column":0},"end":{"line":35,"column":1}},"line":13},"1":{"name":"calculateScenario","decl":{"start":{"line":37,"column":0},"end":{"line":43,"column":1}},"loc":{"start":{"line":37,"column":0},"end":{"line":43,"column":1}},"line":37},"2":{"name":"calculate","decl":{"start":{"line":45,"column":7},"end":{"line":88,"column":1}},"loc":{"start":{"line":45,"column":7},"end":{"line":88,"column":1}},"line":45}},"f":{"0":480,"1":384,"2":96}}
,"D:\\Work Folder\\Claudecode Websites\\Estimato\\lib\\cost-engine\\insights.ts": {"path":"D:\\Work Folder\\Claudecode Websites\\Estimato\\lib\\cost-engine\\insights.ts","all":false,"statementMap":{"7":{"start":{"line":8,"column":0},"end":{"line":8,"column":38}},"8":{"start":{"line":9,"column":0},"end":{"line":9,"column":3}},"9":{"start":{"line":10,"column":0},"end":{"line":10,"column":25}},"10":{"start":{"line":11,"column":0},"end":{"line":11,"column":40}},"11":{"start":{"line":12,"column":0},"end":{"line":12,"column":71}},"12":{"start":{"line":13,"column":0},"end":{"line":13,"column":14}},"13":{"start":{"line":14,"column":0},"end":{"line":14,"column":26}},"14":{"start":{"line":15,"column":0},"end":{"line":15,"column":49}},"15":{"start":{"line":16,"column":0},"end":{"line":16,"column":14}},"16":{"start":{"line":17,"column":0},"end":{"line":17,"column":157}},"17":{"start":{"line":18,"column":0},"end":{"line":18,"column":6}},"18":{"start":{"line":19,"column":0},"end":{"line":19,"column":4}},"19":{"start":{"line":20,"column":0},"end":{"line":20,"column":3}},"20":{"start":{"line":21,"column":0},"end":{"line":21,"column":25}},"21":{"start":{"line":22,"column":0},"end":{"line":22,"column":76}},"22":{"start":{"line":23,"column":0},"end":{"line":23,"column":77}},"23":{"start":{"line":24,"column":0},"end":{"line":24,"column":14}},"24":{"start":{"line":25,"column":0},"end":{"line":25,"column":22}},"25":{"start":{"line":26,"column":0},"end":{"line":26,"column":76}},"26":{"start":{"line":27,"column":0},"end":{"line":27,"column":14}},"27":{"start":{"line":28,"column":0},"end":{"line":28,"column":141}},"28":{"start":{"line":29,"column":0},"end":{"line":29,"column":6}},"29":{"start":{"line":30,"column":0},"end":{"line":30,"column":4}},"30":{"start":{"line":31,"column":0},"end":{"line":31,"column":3}},"31":{"start":{"line":32,"column":0},"end":{"line":32,"column":25}},"32":{"start":{"line":33,"column":0},"end":{"line":33,"column":74}},"33":{"start":{"line":34,"column":0},"end":{"line":34,"column":14}},"34":{"start":{"line":35,"column":0},"end":{"line":35,"column":19}},"35":{"start":{"line":36,"column":0},"end":{"line":36,"column":55}},"36":{"start":{"line":37,"column":0},"end":{"line":37,"column":14}},"37":{"start":{"line":38,"column":0},"end":{"line":38,"column":176}},"38":{"start":{"line":39,"column":0},"end":{"line":39,"column":6}},"39":{"start":{"line":40,"column":0},"end":{"line":40,"column":4}},"40":{"start":{"line":41,"column":0},"end":{"line":41,"column":3}},"41":{"start":{"line":42,"column":0},"end":{"line":42,"column":25}},"42":{"start":{"line":43,"column":0},"end":{"line":43,"column":70}},"43":{"start":{"line":44,"column":0},"end":{"line":44,"column":14}},"44":{"start":{"line":45,"column":0},"end":{"line":45,"column":26}},"45":{"start":{"line":46,"column":0},"end":{"line":46,"column":52}},"46":{"start":{"line":47,"column":0},"end":{"line":47,"column":14}},"47":{"start":{"line":48,"column":0},"end":{"line":48,"column":176}},"48":{"start":{"line":49,"column":0},"end":{"line":49,"column":6}},"49":{"start":{"line":50,"column":0},"end":{"line":50,"column":4}},"50":{"start":{"line":51,"column":0},"end":{"line":51,"column":3}},"51":{"start":{"line":52,"column":0},"end":{"line":52,"column":25}},"52":{"start":{"line":53,"column":0},"end":{"line":53,"column":59}},"53":{"start":{"line":54,"column":0},"end":{"line":54,"column":40}},"54":{"start":{"line":55,"column":0},"end":{"line":55,"column":14}},"55":{"start":{"line":56,"column":0},"end":{"line":56,"column":19}},"56":{"start":{"line":57,"column":0},"end":{"line":57,"column":52}},"57":{"start":{"line":58,"column":0},"end":{"line":58,"column":14}},"58":{"start":{"line":59,"column":0},"end":{"line":59,"column":192}},"59":{"start":{"line":60,"column":0},"end":{"line":60,"column":6}},"60":{"start":{"line":61,"column":0},"end":{"line":61,"column":4}},"61":{"start":{"line":62,"column":0},"end":{"line":62,"column":3}},"62":{"start":{"line":63,"column":0},"end":{"line":63,"column":54}},"63":{"start":{"line":64,"column":0},"end":{"line":64,"column":14}},"64":{"start":{"line":65,"column":0},"end":{"line":65,"column":26}},"65":{"start":{"line":66,"column":0},"end":{"line":66,"column":67}},"66":{"start":{"line":67,"column":0},"end":{"line":67,"column":14}},"67":{"start":{"line":68,"column":0},"end":{"line":68,"column":153}},"68":{"start":{"line":69,"column":0},"end":{"line":69,"column":6}},"69":{"start":{"line":70,"column":0},"end":{"line":70,"column":4}},"70":{"start":{"line":71,"column":0},"end":{"line":71,"column":3}},"71":{"start":{"line":72,"column":0},"end":{"line":72,"column":48}},"72":{"start":{"line":73,"column":0},"end":{"line":73,"column":14}},"73":{"start":{"line":74,"column":0},"end":{"line":74,"column":26}},"74":{"start":{"line":75,"column":0},"end":{"line":75,"column":71}},"75":{"start":{"line":76,"column":0},"end":{"line":76,"column":14}},"76":{"start":{"line":77,"column":0},"end":{"line":77,"column":150}},"77":{"start":{"line":78,"column":0},"end":{"line":78,"column":6}},"78":{"start":{"line":79,"column":0},"end":{"line":79,"column":4}},"79":{"start":{"line":80,"column":0},"end":{"line":80,"column":3}},"80":{"start":{"line":81,"column":0},"end":{"line":81,"column":55}},"81":{"start":{"line":82,"column":0},"end":{"line":82,"column":14}},"82":{"start":{"line":83,"column":0},"end":{"line":83,"column":26}},"83":{"start":{"line":84,"column":0},"end":{"line":84,"column":65}},"84":{"start":{"line":85,"column":0},"end":{"line":85,"column":14}},"85":{"start":{"line":86,"column":0},"end":{"line":86,"column":150}},"86":{"start":{"line":87,"column":0},"end":{"line":87,"column":6}},"87":{"start":{"line":88,"column":0},"end":{"line":88,"column":4}},"88":{"start":{"line":89,"column":0},"end":{"line":89,"column":3}},"89":{"start":{"line":90,"column":0},"end":{"line":90,"column":25}},"90":{"start":{"line":91,"column":0},"end":{"line":91,"column":42}},"91":{"start":{"line":92,"column":0},"end":{"line":92,"column":42}},"92":{"start":{"line":93,"column":0},"end":{"line":93,"column":49}},"93":{"start":{"line":94,"column":0},"end":{"line":94,"column":14}},"94":{"start":{"line":95,"column":0},"end":{"line":95,"column":26}},"95":{"start":{"line":96,"column":0},"end":{"line":96,"column":54}},"96":{"start":{"line":97,"column":0},"end":{"line":97,"column":14}},"97":{"start":{"line":98,"column":0},"end":{"line":98,"column":173}},"98":{"start":{"line":99,"column":0},"end":{"line":99,"column":6}},"99":{"start":{"line":100,"column":0},"end":{"line":100,"column":4}},"100":{"start":{"line":101,"column":0},"end":{"line":101,"column":3}},"101":{"start":{"line":102,"column":0},"end":{"line":102,"column":25}},"102":{"start":{"line":103,"column":0},"end":{"line":103,"column":72}},"103":{"start":{"line":104,"column":0},"end":{"line":104,"column":14}},"104":{"start":{"line":105,"column":0},"end":{"line":105,"column":19}},"105":{"start":{"line":106,"column":0},"end":{"line":106,"column":63}},"106":{"start":{"line":107,"column":0},"end":{"line":107,"column":14}},"107":{"start":{"line":108,"column":0},"end":{"line":108,"column":154}},"108":{"start":{"line":109,"column":0},"end":{"line":109,"column":6}},"109":{"start":{"line":110,"column":0},"end":{"line":110,"column":4}},"110":{"start":{"line":111,"column":0},"end":{"line":111,"column":3}},"111":{"start":{"line":112,"column":0},"end":{"line":112,"column":25}},"112":{"start":{"line":113,"column":0},"end":{"line":113,"column":76}},"113":{"start":{"line":114,"column":0},"end":{"line":114,"column":32}},"114":{"start":{"line":115,"column":0},"end":{"line":115,"column":8}},"115":{"start":{"line":116,"column":0},"end":{"line":116,"column":14}},"116":{"start":{"line":117,"column":0},"end":{"line":117,"column":26}},"117":{"start":{"line":118,"column":0},"end":{"line":118,"column":66}},"118":{"start":{"line":119,"column":0},"end":{"line":119,"column":14}},"119":{"start":{"line":120,"column":0},"end":{"line":120,"column":168}},"120":{"start":{"line":121,"column":0},"end":{"line":121,"column":6}},"121":{"start":{"line":122,"column":0},"end":{"line":122,"column":4}},"122":{"start":{"line":123,"column":0},"end":{"line":123,"column":3}},"123":{"start":{"line":124,"column":0},"end":{"line":124,"column":25}},"124":{"start":{"line":125,"column":0},"end":{"line":125,"column":63}},"125":{"start":{"line":126,"column":0},"end":{"line":126,"column":32}},"126":{"start":{"line":127,"column":0},"end":{"line":127,"column":8}},"127":{"start":{"line":128,"column":0},"end":{"line":128,"column":14}},"128":{"start":{"line":129,"column":0},"end":{"line":129,"column":19}},"129":{"start":{"line":130,"column":0},"end":{"line":130,"column":54}},"130":{"start":{"line":131,"column":0},"end":{"line":131,"column":14}},"131":{"start":{"line":132,"column":0},"end":{"line":132,"column":179}},"132":{"start":{"line":133,"column":0},"end":{"line":133,"column":6}},"133":{"start":{"line":134,"column":0},"end":{"line":134,"column":4}},"134":{"start":{"line":135,"column":0},"end":{"line":135,"column":3}},"135":{"start":{"line":136,"column":0},"end":{"line":136,"column":25}},"136":{"start":{"line":137,"column":0},"end":{"line":137,"column":72}},"137":{"start":{"line":138,"column":0},"end":{"line":138,"column":14}},"138":{"start":{"line":139,"column":0},"end":{"line":139,"column":19}},"139":{"start":{"line":140,"column":0},"end":{"line":140,"column":57}},"140":{"start":{"line":141,"column":0},"end":{"line":141,"column":14}},"141":{"start":{"line":142,"column":0},"end":{"line":142,"column":168}},"142":{"start":{"line":143,"column":0},"end":{"line":143,"column":6}},"143":{"start":{"line":144,"column":0},"end":{"line":144,"column":4}},"144":{"start":{"line":145,"column":0},"end":{"line":145,"column":3}},"145":{"start":{"line":146,"column":0},"end":{"line":146,"column":25}},"146":{"start":{"line":147,"column":0},"end":{"line":147,"column":35}},"147":{"start":{"line":148,"column":0},"end":{"line":148,"column":42}},"148":{"start":{"line":149,"column":0},"end":{"line":149,"column":40}},"149":{"start":{"line":150,"column":0},"end":{"line":150,"column":14}},"150":{"start":{"line":151,"column":0},"end":{"line":151,"column":26}},"151":{"start":{"line":152,"column":0},"end":{"line":152,"column":60}},"152":{"start":{"line":153,"column":0},"end":{"line":153,"column":14}},"153":{"start":{"line":154,"column":0},"end":{"line":154,"column":175}},"154":{"start":{"line":155,"column":0},"end":{"line":155,"column":6}},"155":{"start":{"line":156,"column":0},"end":{"line":156,"column":4}},"156":{"start":{"line":157,"column":0},"end":{"line":157,"column":3}},"157":{"start":{"line":158,"column":0},"end":{"line":158,"column":25}},"158":{"start":{"line":159,"column":0},"end":{"line":159,"column":46}},"159":{"start":{"line":160,"column":0},"end":{"line":160,"column":14}},"160":{"start":{"line":161,"column":0},"end":{"line":161,"column":26}},"161":{"start":{"line":162,"column":0},"end":{"line":162,"column":74}},"162":{"start":{"line":163,"column":0},"end":{"line":163,"column":14}},"163":{"start":{"line":164,"column":0},"end":{"line":164,"column":152}},"164":{"start":{"line":165,"column":0},"end":{"line":165,"column":6}},"165":{"start":{"line":166,"column":0},"end":{"line":166,"column":4}},"166":{"start":{"line":167,"column":0},"end":{"line":167,"column":3}},"167":{"start":{"line":168,"column":0},"end":{"line":168,"column":65}},"168":{"start":{"line":169,"column":0},"end":{"line":169,"column":14}},"169":{"start":{"line":170,"column":0},"end":{"line":170,"column":22}},"170":{"start":{"line":171,"column":0},"end":{"line":171,"column":68}},"171":{"start":{"line":172,"column":0},"end":{"line":172,"column":14}},"172":{"start":{"line":173,"column":0},"end":{"line":173,"column":180}},"173":{"start":{"line":174,"column":0},"end":{"line":174,"column":6}},"174":{"start":{"line":175,"column":0},"end":{"line":175,"column":4}},"175":{"start":{"line":176,"column":0},"end":{"line":176,"column":3}},"176":{"start":{"line":177,"column":0},"end":{"line":177,"column":58}},"177":{"start":{"line":178,"column":0},"end":{"line":178,"column":14}},"178":{"start":{"line":179,"column":0},"end":{"line":179,"column":19}},"179":{"start":{"line":180,"column":0},"end":{"line":180,"column":74}},"180":{"start":{"line":181,"column":0},"end":{"line":181,"column":14}},"181":{"start":{"line":182,"column":0},"end":{"line":182,"column":165}},"182":{"start":{"line":183,"column":0},"end":{"line":183,"column":6}},"183":{"start":{"line":184,"column":0},"end":{"line":184,"column":4}},"184":{"start":{"line":185,"column":0},"end":{"line":185,"column":3}},"185":{"start":{"line":186,"column":0},"end":{"line":186,"column":25}},"186":{"start":{"line":187,"column":0},"end":{"line":187,"column":68}},"187":{"start":{"line":188,"column":0},"end":{"line":188,"column":32}},"188":{"start":{"line":189,"column":0},"end":{"line":189,"column":8}},"189":{"start":{"line":190,"column":0},"end":{"line":190,"column":14}},"190":{"start":{"line":191,"column":0},"end":{"line":191,"column":19}},"191":{"start":{"line":192,"column":0},"end":{"line":192,"column":63}},"192":{"start":{"line":193,"column":0},"end":{"line":193,"column":14}},"193":{"start":{"line":194,"column":0},"end":{"line":194,"column":164}},"194":{"start":{"line":195,"column":0},"end":{"line":195,"column":6}},"195":{"start":{"line":196,"column":0},"end":{"line":196,"column":4}},"196":{"start":{"line":197,"column":0},"end":{"line":197,"column":3}},"197":{"start":{"line":198,"column":0},"end":{"line":198,"column":25}},"198":{"start":{"line":199,"column":0},"end":{"line":199,"column":76}},"199":{"start":{"line":200,"column":0},"end":{"line":200,"column":46}},"200":{"start":{"line":201,"column":0},"end":{"line":201,"column":14}},"201":{"start":{"line":202,"column":0},"end":{"line":202,"column":26}},"202":{"start":{"line":203,"column":0},"end":{"line":203,"column":55}},"203":{"start":{"line":204,"column":0},"end":{"line":204,"column":14}},"204":{"start":{"line":205,"column":0},"end":{"line":205,"column":174}},"205":{"start":{"line":206,"column":0},"end":{"line":206,"column":6}},"206":{"start":{"line":207,"column":0},"end":{"line":207,"column":4}},"207":{"start":{"line":208,"column":0},"end":{"line":208,"column":3}},"208":{"start":{"line":209,"column":0},"end":{"line":209,"column":55}},"209":{"start":{"line":210,"column":0},"end":{"line":210,"column":14}},"210":{"start":{"line":211,"column":0},"end":{"line":211,"column":26}},"211":{"start":{"line":212,"column":0},"end":{"line":212,"column":72}},"212":{"start":{"line":213,"column":0},"end":{"line":213,"column":14}},"213":{"start":{"line":214,"column":0},"end":{"line":214,"column":167}},"214":{"start":{"line":215,"column":0},"end":{"line":215,"column":6}},"215":{"start":{"line":216,"column":0},"end":{"line":216,"column":4}},"216":{"start":{"line":217,"column":0},"end":{"line":217,"column":3}},"217":{"start":{"line":218,"column":0},"end":{"line":218,"column":61}},"218":{"start":{"line":219,"column":0},"end":{"line":219,"column":14}},"219":{"start":{"line":220,"column":0},"end":{"line":220,"column":19}},"220":{"start":{"line":221,"column":0},"end":{"line":221,"column":59}},"221":{"start":{"line":222,"column":0},"end":{"line":222,"column":14}},"222":{"start":{"line":223,"column":0},"end":{"line":223,"column":178}},"223":{"start":{"line":224,"column":0},"end":{"line":224,"column":6}},"224":{"start":{"line":225,"column":0},"end":{"line":225,"column":4}},"225":{"start":{"line":226,"column":0},"end":{"line":226,"column":3}},"226":{"start":{"line":227,"column":0},"end":{"line":227,"column":54}},"227":{"start":{"line":228,"column":0},"end":{"line":228,"column":14}},"228":{"start":{"line":229,"column":0},"end":{"line":229,"column":26}},"229":{"start":{"line":230,"column":0},"end":{"line":230,"column":73}},"230":{"start":{"line":231,"column":0},"end":{"line":231,"column":14}},"231":{"start":{"line":232,"column":0},"end":{"line":232,"column":166}},"232":{"start":{"line":233,"column":0},"end":{"line":233,"column":6}},"233":{"start":{"line":234,"column":0},"end":{"line":234,"column":4}},"234":{"start":{"line":235,"column":0},"end":{"line":235,"column":3}},"235":{"start":{"line":236,"column":0},"end":{"line":236,"column":25}},"236":{"start":{"line":237,"column":0},"end":{"line":237,"column":66}},"237":{"start":{"line":238,"column":0},"end":{"line":238,"column":14}},"238":{"start":{"line":239,"column":0},"end":{"line":239,"column":19}},"239":{"start":{"line":240,"column":0},"end":{"line":240,"column":60}},"240":{"start":{"line":241,"column":0},"end":{"line":241,"column":14}},"241":{"start":{"line":242,"column":0},"end":{"line":242,"column":171}},"242":{"start":{"line":243,"column":0},"end":{"line":243,"column":6}},"243":{"start":{"line":244,"column":0},"end":{"line":244,"column":4}},"244":{"start":{"line":245,"column":0},"end":{"line":245,"column":3}},"245":{"start":{"line":246,"column":0},"end":{"line":246,"column":57}},"246":{"start":{"line":247,"column":0},"end":{"line":247,"column":14}},"247":{"start":{"line":248,"column":0},"end":{"line":248,"column":26}},"248":{"start":{"line":249,"column":0},"end":{"line":249,"column":69}},"249":{"start":{"line":250,"column":0},"end":{"line":250,"column":14}},"250":{"start":{"line":251,"column":0},"end":{"line":251,"column":146}},"251":{"start":{"line":252,"column":0},"end":{"line":252,"column":6}},"252":{"start":{"line":253,"column":0},"end":{"line":253,"column":4}},"253":{"start":{"line":254,"column":0},"end":{"line":254,"column":3}},"254":{"start":{"line":255,"column":0},"end":{"line":255,"column":58}},"255":{"start":{"line":256,"column":0},"end":{"line":256,"column":14}},"256":{"start":{"line":257,"column":0},"end":{"line":257,"column":19}},"257":{"start":{"line":258,"column":0},"end":{"line":258,"column":60}},"258":{"start":{"line":259,"column":0},"end":{"line":259,"column":14}},"259":{"start":{"line":260,"column":0},"end":{"line":260,"column":168}},"260":{"start":{"line":261,"column":0},"end":{"line":261,"column":6}},"261":{"start":{"line":262,"column":0},"end":{"line":262,"column":4}},"262":{"start":{"line":263,"column":0},"end":{"line":263,"column":3}},"263":{"start":{"line":264,"column":0},"end":{"line":264,"column":58}},"264":{"start":{"line":265,"column":0},"end":{"line":265,"column":14}},"265":{"start":{"line":266,"column":0},"end":{"line":266,"column":19}},"266":{"start":{"line":267,"column":0},"end":{"line":267,"column":68}},"267":{"start":{"line":268,"column":0},"end":{"line":268,"column":14}},"268":{"start":{"line":269,"column":0},"end":{"line":269,"column":184}},"269":{"start":{"line":270,"column":0},"end":{"line":270,"column":6}},"270":{"start":{"line":271,"column":0},"end":{"line":271,"column":4}},"271":{"start":{"line":272,"column":0},"end":{"line":272,"column":2}},"273":{"start":{"line":274,"column":0},"end":{"line":274,"column":66}},"274":{"start":{"line":275,"column":0},"end":{"line":275,"column":62}},"275":{"start":{"line":276,"column":0},"end":{"line":276,"column":32}},"276":{"start":{"line":277,"column":0},"end":{"line":277,"column":17}},"277":{"start":{"line":278,"column":0},"end":{"line":278,"column":1}}},"s":{"7":1,"8":1,"9":1,"10":96,"11":92,"12":1,"13":1,"14":1,"15":1,"16":1,"17":1,"18":1,"19":1,"20":1,"21":96,"22":18,"23":1,"24":1,"25":1,"26":1,"27":1,"28":1,"29":1,"30":1,"31":1,"32":96,"33":1,"34":1,"35":1,"36":1,"37":1,"38":1,"39":1,"40":1,"41":1,"42":96,"43":1,"44":1,"45":1,"46":1,"47":1,"48":1,"49":1,"50":1,"51":1,"52":96,"53":96,"54":1,"55":1,"56":1,"57":1,"58":1,"59":1,"60":1,"61":1,"62":1,"63":1,"64":1,"65":1,"66":1,"67":1,"68":1,"69":1,"70":1,"71":1,"72":1,"73":1,"74":1,"75":1,"76":1,"77":1,"78":1,"79":1,"80":1,"81":1,"82":1,"83":1,"84":1,"85":1,"86":1,"87":1,"88":1,"89":1,"90":96,"91":3,"92":3,"93":1,"94":1,"95":1,"96":1,"97":1,"98":1,"99":1,"100":1,"101":1,"102":96,"103":1,"104":1,"105":1,"106":1,"107":1,"108":1,"109":1,"110":1,"111":1,"112":96,"113":96,"114":96,"115":1,"116":1,"117":1,"118":1,"119":1,"120":1,"121":1,"122":1,"123":1,"124":96,"125":96,"126":96,"127":1,"128":1,"129":1,"130":1,"131":1,"132":1,"133":1,"134":1,"135":1,"136":96,"137":1,"138":1,"139":1,"140":1,"141":1,"142":1,"143":1,"144":1,"145":1,"146":96,"147":3,"148":0,"149":1,"150":1,"151":1,"152":1,"153":1,"154":1,"155":1,"156":1,"157":1,"158":96,"159":1,"160":1,"161":1,"162":1,"163":1,"164":1,"165":1,"166":1,"167":1,"168":1,"169":1,"170":1,"171":1,"172":1,"173":1,"174":1,"175":1,"176":1,"177":1,"178":1,"179":1,"180":1,"181":1,"182":1,"183":1,"184":1,"185":1,"186":96,"187":96,"188":96,"189":1,"190":1,"191":1,"192":1,"193":1,"194":1,"195":1,"196":1,"197":1,"198":96,"199":18,"200":1,"201":1,"202":1,"203":1,"204":1,"205":1,"206":1,"207":1,"208":1,"209":1,"210":1,"211":1,"212":1,"213":1,"214":1,"215":1,"216":1,"217":1,"218":1,"219":1,"220":1,"221":1,"222":1,"223":1,"224":1,"225":1,"226":1,"227":1,"228":1,"229":1,"230":1,"231":1,"232":1,"233":1,"234":1,"235":1,"236":96,"237":1,"238":1,"239":1,"240":1,"241":1,"242":1,"243":1,"244":1,"245":1,"246":1,"247":1,"248":1,"249":1,"250":1,"251":1,"252":1,"253":1,"254":1,"255":1,"256":1,"257":1,"258":1,"259":1,"260":1,"261":1,"262":1,"263":1,"264":1,"265":1,"266":1,"267":1,"268":1,"269":1,"270":1,"271":1,"273":1,"274":96,"275":96,"276":96,"277":96},"branchMap":{"0":{"type":"branch","line":10,"loc":{"start":{"line":10,"column":15},"end":{"line":12,"column":71}},"locations":[{"start":{"line":10,"column":15},"end":{"line":12,"column":71}}]},"1":{"type":"branch","line":11,"loc":{"start":{"line":11,"column":26},"end":{"line":12,"column":71}},"locations":[{"start":{"line":11,"column":26},"end":{"line":12,"column":71}}]},"2":{"type":"branch","line":12,"loc":{"start":{"line":12,"column":37},"end":{"line":12,"column":71}},"locations":[{"start":{"line":12,"column":37},"end":{"line":12,"column":71}}]},"3":{"type":"branch","line":21,"loc":{"start":{"line":21,"column":15},"end":{"line":23,"column":77}},"locations":[{"start":{"line":21,"column":15},"end":{"line":23,"column":77}}]},"4":{"type":"branch","line":22,"loc":{"start":{"line":22,"column":29},"end":{"line":22,"column":76}},"locations":[{"start":{"line":22,"column":29},"end":{"line":22,"column":76}}]},"5":{"type":"branch","line":22,"loc":{"start":{"line":22,"column":64},"end":{"line":23,"column":77}},"locations":[{"start":{"line":22,"column":64},"end":{"line":23,"column":77}}]},"6":{"type":"branch","line":32,"loc":{"start":{"line":32,"column":15},"end":{"line":33,"column":74}},"locations":[{"start":{"line":32,"column":15},"end":{"line":33,"column":74}}]},"7":{"type":"branch","line":42,"loc":{"start":{"line":42,"column":15},"end":{"line":43,"column":70}},"locations":[{"start":{"line":42,"column":15},"end":{"line":43,"column":70}}]},"8":{"type":"branch","line":43,"loc":{"start":{"line":43,"column":37},"end":{"line":43,"column":70}},"locations":[{"start":{"line":43,"column":37},"end":{"line":43,"column":70}}]},"9":{"type":"branch","line":52,"loc":{"start":{"line":52,"column":15},"end":{"line":54,"column":40}},"locations":[{"start":{"line":52,"column":15},"end":{"line":54,"column":40}}]},"10":{"type":"branch","line":53,"loc":{"start":{"line":53,"column":12},"end":{"line":53,"column":30}},"locations":[{"start":{"line":53,"column":12},"end":{"line":53,"column":30}}]},"11":{"type":"branch","line":63,"loc":{"start":{"line":63,"column":15},"end":{"line":63,"column":54}},"locations":[{"start":{"line":63,"column":15},"end":{"line":63,"column":54}}]},"12":{"type":"branch","line":72,"loc":{"start":{"line":72,"column":15},"end":{"line":72,"column":48}},"locations":[{"start":{"line":72,"column":15},"end":{"line":72,"column":48}}]},"13":{"type":"branch","line":81,"loc":{"start":{"line":81,"column":15},"end":{"line":81,"column":55}},"locations":[{"start":{"line":81,"column":15},"end":{"line":81,"column":55}}]},"14":{"type":"branch","line":90,"loc":{"start":{"line":90,"column":15},"end":{"line":93,"column":49}},"locations":[{"start":{"line":90,"column":15},"end":{"line":93,"column":49}}]},"15":{"type":"branch","line":91,"loc":{"start":{"line":91,"column":30},"end":{"line":92,"column":42}},"locations":[{"start":{"line":91,"column":30},"end":{"line":92,"column":42}}]},"16":{"type":"branch","line":92,"loc":{"start":{"line":92,"column":30},"end":{"line":93,"column":49}},"locations":[{"start":{"line":92,"column":30},"end":{"line":93,"column":49}}]},"17":{"type":"branch","line":102,"loc":{"start":{"line":102,"column":15},"end":{"line":103,"column":72}},"locations":[{"start":{"line":102,"column":15},"end":{"line":103,"column":72}}]},"18":{"type":"branch","line":103,"loc":{"start":{"line":103,"column":28},"end":{"line":103,"column":72}},"locations":[{"start":{"line":103,"column":28},"end":{"line":103,"column":72}}]},"19":{"type":"branch","line":112,"loc":{"start":{"line":112,"column":15},"end":{"line":115,"column":8}},"locations":[{"start":{"line":112,"column":15},"end":{"line":115,"column":8}}]},"20":{"type":"branch","line":124,"loc":{"start":{"line":124,"column":15},"end":{"line":127,"column":8}},"locations":[{"start":{"line":124,"column":15},"end":{"line":127,"column":8}}]},"21":{"type":"branch","line":136,"loc":{"start":{"line":136,"column":15},"end":{"line":137,"column":72}},"locations":[{"start":{"line":136,"column":15},"end":{"line":137,"column":72}}]},"22":{"type":"branch","line":137,"loc":{"start":{"line":137,"column":28},"end":{"line":137,"column":72}},"locations":[{"start":{"line":137,"column":28},"end":{"line":137,"column":72}}]},"23":{"type":"branch","line":146,"loc":{"start":{"line":146,"column":15},"end":{"line":149,"column":40}},"locations":[{"start":{"line":146,"column":15},"end":{"line":149,"column":40}}]},"24":{"type":"branch","line":147,"loc":{"start":{"line":147,"column":25},"end":{"line":148,"column":42}},"locations":[{"start":{"line":147,"column":25},"end":{"line":148,"column":42}}]},"25":{"type":"branch","line":148,"loc":{"start":{"line":148,"column":25},"end":{"line":149,"column":40}},"locations":[{"start":{"line":148,"column":25},"end":{"line":149,"column":40}}]},"26":{"type":"branch","line":158,"loc":{"start":{"line":158,"column":15},"end":{"line":159,"column":46}},"locations":[{"start":{"line":158,"column":15},"end":{"line":159,"column":46}}]},"27":{"type":"branch","line":168,"loc":{"start":{"line":168,"column":15},"end":{"line":168,"column":65}},"locations":[{"start":{"line":168,"column":15},"end":{"line":168,"column":65}}]},"28":{"type":"branch","line":177,"loc":{"start":{"line":177,"column":15},"end":{"line":177,"column":58}},"locations":[{"start":{"line":177,"column":15},"end":{"line":177,"column":58}}]},"29":{"type":"branch","line":186,"loc":{"start":{"line":186,"column":15},"end":{"line":189,"column":8}},"locations":[{"start":{"line":186,"column":15},"end":{"line":189,"column":8}}]},"30":{"type":"branch","line":198,"loc":{"start":{"line":198,"column":15},"end":{"line":200,"column":46}},"locations":[{"start":{"line":198,"column":15},"end":{"line":200,"column":46}}]},"31":{"type":"branch","line":199,"loc":{"start":{"line":199,"column":29},"end":{"line":199,"column":76}},"locations":[{"start":{"line":199,"column":29},"end":{"line":199,"column":76}}]},"32":{"type":"branch","line":199,"loc":{"start":{"line":199,"column":64},"end":{"line":200,"column":46}},"locations":[{"start":{"line":199,"column":64},"end":{"line":200,"column":46}}]},"33":{"type":"branch","line":209,"loc":{"start":{"line":209,"column":15},"end":{"line":209,"column":55}},"locations":[{"start":{"line":209,"column":15},"end":{"line":209,"column":55}}]},"34":{"type":"branch","line":218,"loc":{"start":{"line":218,"column":15},"end":{"line":218,"column":61}},"locations":[{"start":{"line":218,"column":15},"end":{"line":218,"column":61}}]},"35":{"type":"branch","line":227,"loc":{"start":{"line":227,"column":15},"end":{"line":227,"column":54}},"locations":[{"start":{"line":227,"column":15},"end":{"line":227,"column":54}}]},"36":{"type":"branch","line":236,"loc":{"start":{"line":236,"column":15},"end":{"line":237,"column":66}},"locations":[{"start":{"line":236,"column":15},"end":{"line":237,"column":66}}]},"37":{"type":"branch","line":237,"loc":{"start":{"line":237,"column":26},"end":{"line":237,"column":66}},"locations":[{"start":{"line":237,"column":26},"end":{"line":237,"column":66}}]},"38":{"type":"branch","line":246,"loc":{"start":{"line":246,"column":15},"end":{"line":246,"column":57}},"locations":[{"start":{"line":246,"column":15},"end":{"line":246,"column":57}}]},"39":{"type":"branch","line":255,"loc":{"start":{"line":255,"column":15},"end":{"line":255,"column":58}},"locations":[{"start":{"line":255,"column":15},"end":{"line":255,"column":58}}]},"40":{"type":"branch","line":264,"loc":{"start":{"line":264,"column":15},"end":{"line":264,"column":58}},"locations":[{"start":{"line":264,"column":15},"end":{"line":264,"column":58}}]},"41":{"type":"branch","line":274,"loc":{"start":{"line":274,"column":7},"end":{"line":278,"column":1}},"locations":[{"start":{"line":274,"column":7},"end":{"line":278,"column":1}}]},"42":{"type":"branch","line":275,"loc":{"start":{"line":275,"column":30},"end":{"line":275,"column":61}},"locations":[{"start":{"line":275,"column":30},"end":{"line":275,"column":61}}]},"43":{"type":"branch","line":276,"loc":{"start":{"line":276,"column":9},"end":{"line":276,"column":31}},"locations":[{"start":{"line":276,"column":9},"end":{"line":276,"column":31}}]}},"b":{"0":[96],"1":[92],"2":[2],"3":[96],"4":[89],"5":[18],"6":[96],"7":[96],"8":[91],"9":[96],"10":[0],"11":[96],"12":[96],"13":[96],"14":[96],"15":[3],"16":[3],"17":[96],"18":[89],"19":[96],"20":[96],"21":[96],"22":[89],"23":[96],"24":[3],"25":[0],"26":[96],"27":[96],"28":[96],"29":[96],"30":[96],"31":[89],"32":[18],"33":[96],"34":[96],"35":[96],"36":[96],"37":[4],"38":[96],"39":[96],"40":[96],"41":[96],"42":[2496],"43":[565]},"fnMap":{"0":{"name":"condition","decl":{"start":{"line":10,"column":15},"end":{"line":12,"column":71}},"loc":{"start":{"line":10,"column":15},"end":{"line":12,"column":71}},"line":10},"1":{"name":"condition","decl":{"start":{"line":21,"column":15},"end":{"line":23,"column":77}},"loc":{"start":{"line":21,"column":15},"end":{"line":23,"column":77}},"line":21},"2":{"name":"condition","decl":{"start":{"line":32,"column":15},"end":{"line":33,"column":74}},"loc":{"start":{"line":32,"column":15},"end":{"line":33,"column":74}},"line":32},"3":{"name":"condition","decl":{"start":{"line":42,"column":15},"end":{"line":43,"column":70}},"loc":{"start":{"line":42,"column":15},"end":{"line":43,"column":70}},"line":42},"4":{"name":"condition","decl":{"start":{"line":52,"column":15},"end":{"line":54,"column":40}},"loc":{"start":{"line":52,"column":15},"end":{"line":54,"column":40}},"line":52},"5":{"name":"condition","decl":{"start":{"line":63,"column":15},"end":{"line":63,"column":54}},"loc":{"start":{"line":63,"column":15},"end":{"line":63,"column":54}},"line":63},"6":{"name":"condition","decl":{"start":{"line":72,"column":15},"end":{"line":72,"column":48}},"loc":{"start":{"line":72,"column":15},"end":{"line":72,"column":48}},"line":72},"7":{"name":"condition","decl":{"start":{"line":81,"column":15},"end":{"line":81,"column":55}},"loc":{"start":{"line":81,"column":15},"end":{"line":81,"column":55}},"line":81},"8":{"name":"condition","decl":{"start":{"line":90,"column":15},"end":{"line":93,"column":49}},"loc":{"start":{"line":90,"column":15},"end":{"line":93,"column":49}},"line":90},"9":{"name":"condition","decl":{"start":{"line":102,"column":15},"end":{"line":103,"column":72}},"loc":{"start":{"line":102,"column":15},"end":{"line":103,"column":72}},"line":102},"10":{"name":"condition","decl":{"start":{"line":112,"column":15},"end":{"line":115,"column":8}},"loc":{"start":{"line":112,"column":15},"end":{"line":115,"column":8}},"line":112},"11":{"name":"condition","decl":{"start":{"line":124,"column":15},"end":{"line":127,"column":8}},"loc":{"start":{"line":124,"column":15},"end":{"line":127,"column":8}},"line":124},"12":{"name":"condition","decl":{"start":{"line":136,"column":15},"end":{"line":137,"column":72}},"loc":{"start":{"line":136,"column":15},"end":{"line":137,"column":72}},"line":136},"13":{"name":"condition","decl":{"start":{"line":146,"column":15},"end":{"line":149,"column":40}},"loc":{"start":{"line":146,"column":15},"end":{"line":149,"column":40}},"line":146},"14":{"name":"condition","decl":{"start":{"line":158,"column":15},"end":{"line":159,"column":46}},"loc":{"start":{"line":158,"column":15},"end":{"line":159,"column":46}},"line":158},"15":{"name":"condition","decl":{"start":{"line":168,"column":15},"end":{"line":168,"column":65}},"loc":{"start":{"line":168,"column":15},"end":{"line":168,"column":65}},"line":168},"16":{"name":"condition","decl":{"start":{"line":177,"column":15},"end":{"line":177,"column":58}},"loc":{"start":{"line":177,"column":15},"end":{"line":177,"column":58}},"line":177},"17":{"name":"condition","decl":{"start":{"line":186,"column":15},"end":{"line":189,"column":8}},"loc":{"start":{"line":186,"column":15},"end":{"line":189,"column":8}},"line":186},"18":{"name":"condition","decl":{"start":{"line":198,"column":15},"end":{"line":200,"column":46}},"loc":{"start":{"line":198,"column":15},"end":{"line":200,"column":46}},"line":198},"19":{"name":"condition","decl":{"start":{"line":209,"column":15},"end":{"line":209,"column":55}},"loc":{"start":{"line":209,"column":15},"end":{"line":209,"column":55}},"line":209},"20":{"name":"condition","decl":{"start":{"line":218,"column":15},"end":{"line":218,"column":61}},"loc":{"start":{"line":218,"column":15},"end":{"line":218,"column":61}},"line":218},"21":{"name":"condition","decl":{"start":{"line":227,"column":15},"end":{"line":227,"column":54}},"loc":{"start":{"line":227,"column":15},"end":{"line":227,"column":54}},"line":227},"22":{"name":"condition","decl":{"start":{"line":236,"column":15},"end":{"line":237,"column":66}},"loc":{"start":{"line":236,"column":15},"end":{"line":237,"column":66}},"line":236},"23":{"name":"condition","decl":{"start":{"line":246,"column":15},"end":{"line":246,"column":57}},"loc":{"start":{"line":246,"column":15},"end":{"line":246,"column":57}},"line":246},"24":{"name":"condition","decl":{"start":{"line":255,"column":15},"end":{"line":255,"column":58}},"loc":{"start":{"line":255,"column":15},"end":{"line":255,"column":58}},"line":255},"25":{"name":"condition","decl":{"start":{"line":264,"column":15},"end":{"line":264,"column":58}},"loc":{"start":{"line":264,"column":15},"end":{"line":264,"column":58}},"line":264},"26":{"name":"generateInsights","decl":{"start":{"line":274,"column":7},"end":{"line":278,"column":1}},"loc":{"start":{"line":274,"column":7},"end":{"line":278,"column":1}},"line":274}},"f":{"0":96,"1":96,"2":96,"3":96,"4":96,"5":96,"6":96,"7":96,"8":96,"9":96,"10":96,"11":96,"12":96,"13":96,"14":96,"15":96,"16":96,"17":96,"18":96,"19":96,"20":96,"21":96,"22":96,"23":96,"24":96,"25":96,"26":96}}
,"D:\\Work Folder\\Claudecode Websites\\Estimato\\lib\\cost-engine\\rates.ts": {"path":"D:\\Work Folder\\Claudecode Websites\\Estimato\\lib\\cost-engine\\rates.ts","all":false,"statementMap":{"9":{"start":{"line":10,"column":0},"end":{"line":10,"column":62}},"10":{"start":{"line":11,"column":0},"end":{"line":11,"column":18}},"11":{"start":{"line":12,"column":0},"end":{"line":12,"column":16}},"12":{"start":{"line":13,"column":0},"end":{"line":13,"column":16}},"13":{"start":{"line":14,"column":0},"end":{"line":14,"column":15}},"14":{"start":{"line":15,"column":0},"end":{"line":15,"column":11}},"20":{"start":{"line":21,"column":0},"end":{"line":21,"column":57}},"21":{"start":{"line":22,"column":0},"end":{"line":22,"column":13}},"22":{"start":{"line":23,"column":0},"end":{"line":23,"column":20}},"23":{"start":{"line":24,"column":0},"end":{"line":24,"column":17}},"24":{"start":{"line":25,"column":0},"end":{"line":25,"column":16}},"25":{"start":{"line":26,"column":0},"end":{"line":26,"column":14}},"26":{"start":{"line":27,"column":0},"end":{"line":27,"column":18}},"27":{"start":{"line":28,"column":0},"end":{"line":28,"column":20}},"28":{"start":{"line":29,"column":0},"end":{"line":29,"column":18}},"29":{"start":{"line":30,"column":0},"end":{"line":30,"column":26}},"30":{"start":{"line":31,"column":0},"end":{"line":31,"column":25}},"31":{"start":{"line":32,"column":0},"end":{"line":32,"column":26}},"32":{"start":{"line":33,"column":0},"end":{"line":33,"column":19}},"33":{"start":{"line":34,"column":0},"end":{"line":34,"column":11}},"35":{"start":{"line":36,"column":0},"end":{"line":36,"column":70}},"36":{"start":{"line":37,"column":0},"end":{"line":37,"column":63}},"37":{"start":{"line":38,"column":0},"end":{"line":38,"column":42}},"38":{"start":{"line":39,"column":0},"end":{"line":39,"column":41}},"39":{"start":{"line":40,"column":0},"end":{"line":40,"column":1}},"44":{"start":{"line":45,"column":0},"end":{"line":45,"column":55}},"45":{"start":{"line":46,"column":0},"end":{"line":46,"column":13}},"46":{"start":{"line":47,"column":0},"end":{"line":47,"column":15}},"47":{"start":{"line":48,"column":0},"end":{"line":48,"column":16}},"48":{"start":{"line":49,"column":0},"end":{"line":49,"column":27}},"49":{"start":{"line":50,"column":0},"end":{"line":50,"column":11}},"54":{"start":{"line":55,"column":0},"end":{"line":55,"column":33}},"55":{"start":{"line":56,"column":0},"end":{"line":56,"column":27}},"56":{"start":{"line":57,"column":0},"end":{"line":57,"column":17}},"57":{"start":{"line":58,"column":0},"end":{"line":58,"column":21}},"58":{"start":{"line":59,"column":0},"end":{"line":59,"column":23}},"59":{"start":{"line":60,"column":0},"end":{"line":60,"column":19}},"60":{"start":{"line":61,"column":0},"end":{"line":61,"column":24}},"61":{"start":{"line":62,"column":0},"end":{"line":62,"column":18}},"62":{"start":{"line":63,"column":0},"end":{"line":63,"column":19}},"63":{"start":{"line":64,"column":0},"end":{"line":64,"column":18}},"64":{"start":{"line":65,"column":0},"end":{"line":65,"column":11}},"69":{"start":{"line":70,"column":0},"end":{"line":70,"column":32}},"70":{"start":{"line":71,"column":0},"end":{"line":71,"column":15}},"71":{"start":{"line":72,"column":0},"end":{"line":72,"column":21}},"72":{"start":{"line":73,"column":0},"end":{"line":73,"column":21}},"73":{"start":{"line":74,"column":0},"end":{"line":74,"column":11}},"78":{"start":{"line":79,"column":0},"end":{"line":79,"column":31}},"79":{"start":{"line":80,"column":0},"end":{"line":80,"column":23}},"80":{"start":{"line":81,"column":0},"end":{"line":81,"column":17}},"81":{"start":{"line":82,"column":0},"end":{"line":82,"column":12}},"82":{"start":{"line":83,"column":0},"end":{"line":83,"column":18}},"83":{"start":{"line":84,"column":0},"end":{"line":84,"column":25}},"84":{"start":{"line":85,"column":0},"end":{"line":85,"column":20}},"85":{"start":{"line":86,"column":0},"end":{"line":86,"column":11}}},"s":{"9":1,"10":1,"11":1,"12":1,"13":1,"14":1,"20":1,"21":1,"22":1,"23":1,"24":1,"25":1,"26":1,"27":1,"28":1,"29":1,"30":1,"31":1,"32":1,"33":1,"35":1,"36":486,"37":486,"38":486,"39":486,"44":1,"45":1,"46":1,"47":1,"48":1,"49":1,"54":1,"55":1,"56":1,"57":1,"58":1,"59":1,"60":1,"61":1,"62":1,"63":1,"64":1,"69":1,"70":1,"71":1,"72":1,"73":1,"78":1,"79":1,"80":1,"81":1,"82":1,"83":1,"84":1,"85":1},"branchMap":{"0":{"type":"branch","line":36,"loc":{"start":{"line":36,"column":7},"end":{"line":40,"column":1}},"locations":[{"start":{"line":36,"column":7},"end":{"line":40,"column":1}}]},"1":{"type":"branch","line":37,"loc":{"start":{"line":37,"column":54},"end":{"line":37,"column":63}},"locations":[{"start":{"line":37,"column":54},"end":{"line":37,"column":63}}]}},"b":{"0":[486],"1":[1]},"fnMap":{"0":{"name":"getBaseRate","decl":{"start":{"line":36,"column":7},"end":{"line":40,"column":1}},"loc":{"start":{"line":36,"column":7},"end":{"line":40,"column":1}},"line":36}},"f":{"0":486}}
,"D:\\Work Folder\\Claudecode Websites\\Estimato\\lib\\cost-engine\\timeline.ts": {"path":"D:\\Work Folder\\Claudecode Websites\\Estimato\\lib\\cost-engine\\timeline.ts","all":false,"statementMap":{"4":{"start":{"line":5,"column":0},"end":{"line":5,"column":21}},"5":{"start":{"line":6,"column":0},"end":{"line":6,"column":3}},"6":{"start":{"line":7,"column":0},"end":{"line":7,"column":23}},"7":{"start":{"line":8,"column":0},"end":{"line":8,"column":17}},"8":{"start":{"line":9,"column":0},"end":{"line":9,"column":19}},"9":{"start":{"line":10,"column":0},"end":{"line":10,"column":23}},"10":{"start":{"line":11,"column":0},"end":{"line":11,"column":16}},"11":{"start":{"line":12,"column":0},"end":{"line":12,"column":107}},"12":{"start":{"line":13,"column":0},"end":{"line":13,"column":4}},"13":{"start":{"line":14,"column":0},"end":{"line":14,"column":3}},"14":{"start":{"line":15,"column":0},"end":{"line":15,"column":22}},"15":{"start":{"line":16,"column":0},"end":{"line":16,"column":17}},"16":{"start":{"line":17,"column":0},"end":{"line":17,"column":20}},"17":{"start":{"line":18,"column":0},"end":{"line":18,"column":23}},"18":{"start":{"line":19,"column":0},"end":{"line":19,"column":16}},"19":{"start":{"line":20,"column":0},"end":{"line":20,"column":94}},"20":{"start":{"line":21,"column":0},"end":{"line":21,"column":4}},"21":{"start":{"line":22,"column":0},"end":{"line":22,"column":3}},"22":{"start":{"line":23,"column":0},"end":{"line":23,"column":32}},"23":{"start":{"line":24,"column":0},"end":{"line":24,"column":17}},"24":{"start":{"line":25,"column":0},"end":{"line":25,"column":20}},"25":{"start":{"line":26,"column":0},"end":{"line":26,"column":23}},"26":{"start":{"line":27,"column":0},"end":{"line":27,"column":16}},"27":{"start":{"line":28,"column":0},"end":{"line":28,"column":80}},"28":{"start":{"line":29,"column":0},"end":{"line":29,"column":4}},"29":{"start":{"line":30,"column":0},"end":{"line":30,"column":3}},"30":{"start":{"line":31,"column":0},"end":{"line":31,"column":22}},"31":{"start":{"line":32,"column":0},"end":{"line":32,"column":17}},"32":{"start":{"line":33,"column":0},"end":{"line":33,"column":20}},"33":{"start":{"line":34,"column":0},"end":{"line":34,"column":23}},"34":{"start":{"line":35,"column":0},"end":{"line":35,"column":16}},"35":{"start":{"line":36,"column":0},"end":{"line":36,"column":89}},"36":{"start":{"line":37,"column":0},"end":{"line":37,"column":4}},"37":{"start":{"line":38,"column":0},"end":{"line":38,"column":2}},"39":{"start":{"line":40,"column":0},"end":{"line":40,"column":33}},"40":{"start":{"line":41,"column":0},"end":{"line":41,"column":22}},"41":{"start":{"line":42,"column":0},"end":{"line":42,"column":19}},"42":{"start":{"line":43,"column":0},"end":{"line":43,"column":19}},"43":{"start":{"line":44,"column":0},"end":{"line":44,"column":29}},"45":{"start":{"line":46,"column":0},"end":{"line":46,"column":39}},"46":{"start":{"line":47,"column":0},"end":{"line":47,"column":66}},"47":{"start":{"line":48,"column":0},"end":{"line":48,"column":3}},"48":{"start":{"line":49,"column":0},"end":{"line":49,"column":37}},"49":{"start":{"line":50,"column":0},"end":{"line":50,"column":31}},"50":{"start":{"line":51,"column":0},"end":{"line":51,"column":3}},"51":{"start":{"line":52,"column":0},"end":{"line":52,"column":39}},"52":{"start":{"line":53,"column":0},"end":{"line":53,"column":30}},"53":{"start":{"line":54,"column":0},"end":{"line":54,"column":3}},"55":{"start":{"line":56,"column":0},"end":{"line":56,"column":51}},"56":{"start":{"line":57,"column":0},"end":{"line":57,"column":17}},"57":{"start":{"line":58,"column":0},"end":{"line":58,"column":62}},"58":{"start":{"line":59,"column":0},"end":{"line":59,"column":46}},"59":{"start":{"line":60,"column":0},"end":{"line":60,"column":31}},"60":{"start":{"line":61,"column":0},"end":{"line":61,"column":37}},"61":{"start":{"line":62,"column":0},"end":{"line":62,"column":6}},"63":{"start":{"line":64,"column":0},"end":{"line":64,"column":71}},"65":{"start":{"line":66,"column":0},"end":{"line":66,"column":31}},"66":{"start":{"line":67,"column":0},"end":{"line":67,"column":1}}},"s":{"4":1,"5":1,"6":1,"7":1,"8":1,"9":1,"10":1,"11":1,"12":1,"13":1,"14":1,"15":1,"16":1,"17":1,"18":1,"19":1,"20":1,"21":1,"22":1,"23":1,"24":1,"25":1,"26":1,"27":1,"28":1,"29":1,"30":1,"31":1,"32":1,"33":1,"34":1,"35":1,"36":1,"37":1,"39":1,"40":96,"41":96,"42":96,"43":96,"45":96,"46":5,"47":5,"48":96,"49":6,"50":6,"51":96,"52":11,"53":11,"55":96,"56":384,"57":384,"58":384,"59":384,"60":384,"61":96,"63":96,"65":96,"66":96},"branchMap":{"0":{"type":"branch","line":40,"loc":{"start":{"line":40,"column":7},"end":{"line":67,"column":1}},"locations":[{"start":{"line":40,"column":7},"end":{"line":67,"column":1}}]},"1":{"type":"branch","line":46,"loc":{"start":{"line":46,"column":38},"end":{"line":48,"column":3}},"locations":[{"start":{"line":46,"column":38},"end":{"line":48,"column":3}}]},"2":{"type":"branch","line":49,"loc":{"start":{"line":49,"column":36},"end":{"line":51,"column":3}},"locations":[{"start":{"line":49,"column":36},"end":{"line":51,"column":3}}]},"3":{"type":"branch","line":52,"loc":{"start":{"line":52,"column":38},"end":{"line":54,"column":3}},"locations":[{"start":{"line":52,"column":38},"end":{"line":54,"column":3}}]},"4":{"type":"branch","line":56,"loc":{"start":{"line":56,"column":42},"end":{"line":62,"column":4}},"locations":[{"start":{"line":56,"column":42},"end":{"line":62,"column":4}}]},"5":{"type":"branch","line":64,"loc":{"start":{"line":64,"column":34},"end":{"line":64,"column":68}},"locations":[{"start":{"line":64,"column":34},"end":{"line":64,"column":68}}]}},"b":{"0":[96],"1":[5],"2":[6],"3":[11],"4":[384],"5":[384]},"fnMap":{"0":{"name":"generateTimeline","decl":{"start":{"line":40,"column":7},"end":{"line":67,"column":1}},"loc":{"start":{"line":40,"column":7},"end":{"line":67,"column":1}},"line":40}},"f":{"0":96}}
,"D:\\Work Folder\\Claudecode Websites\\Estimato\\lib\\cost-engine\\warnings.ts": {"path":"D:\\Work Folder\\Claudecode Websites\\Estimato\\lib\\cost-engine\\warnings.ts","all":false,"statementMap":{"8":{"start":{"line":9,"column":0},"end":{"line":9,"column":38}},"10":{"start":{"line":11,"column":0},"end":{"line":11,"column":3}},"11":{"start":{"line":12,"column":0},"end":{"line":12,"column":60}},"12":{"start":{"line":13,"column":0},"end":{"line":13,"column":14}},"13":{"start":{"line":14,"column":0},"end":{"line":14,"column":28}},"14":{"start":{"line":15,"column":0},"end":{"line":15,"column":41}},"15":{"start":{"line":16,"column":0},"end":{"line":16,"column":14}},"16":{"start":{"line":17,"column":0},"end":{"line":17,"column":155}},"17":{"start":{"line":18,"column":0},"end":{"line":18,"column":71}},"18":{"start":{"line":19,"column":0},"end":{"line":19,"column":6}},"19":{"start":{"line":20,"column":0},"end":{"line":20,"column":4}},"20":{"start":{"line":21,"column":0},"end":{"line":21,"column":3}},"21":{"start":{"line":22,"column":0},"end":{"line":22,"column":25}},"22":{"start":{"line":23,"column":0},"end":{"line":23,"column":63}},"23":{"start":{"line":24,"column":0},"end":{"line":24,"column":32}},"24":{"start":{"line":25,"column":0},"end":{"line":25,"column":8}},"25":{"start":{"line":26,"column":0},"end":{"line":26,"column":14}},"26":{"start":{"line":27,"column":0},"end":{"line":27,"column":28}},"27":{"start":{"line":28,"column":0},"end":{"line":28,"column":57}},"28":{"start":{"line":29,"column":0},"end":{"line":29,"column":14}},"29":{"start":{"line":30,"column":0},"end":{"line":30,"column":140}},"30":{"start":{"line":31,"column":0},"end":{"line":31,"column":61}},"31":{"start":{"line":32,"column":0},"end":{"line":32,"column":6}},"32":{"start":{"line":33,"column":0},"end":{"line":33,"column":4}},"33":{"start":{"line":34,"column":0},"end":{"line":34,"column":3}},"34":{"start":{"line":35,"column":0},"end":{"line":35,"column":55}},"35":{"start":{"line":36,"column":0},"end":{"line":36,"column":14}},"36":{"start":{"line":37,"column":0},"end":{"line":37,"column":28}},"37":{"start":{"line":38,"column":0},"end":{"line":38,"column":61}},"38":{"start":{"line":39,"column":0},"end":{"line":39,"column":14}},"39":{"start":{"line":40,"column":0},"end":{"line":40,"column":150}},"40":{"start":{"line":41,"column":0},"end":{"line":41,"column":75}},"41":{"start":{"line":42,"column":0},"end":{"line":42,"column":6}},"42":{"start":{"line":43,"column":0},"end":{"line":43,"column":4}},"43":{"start":{"line":44,"column":0},"end":{"line":44,"column":3}},"44":{"start":{"line":45,"column":0},"end":{"line":45,"column":55}},"45":{"start":{"line":46,"column":0},"end":{"line":46,"column":14}},"46":{"start":{"line":47,"column":0},"end":{"line":47,"column":28}},"47":{"start":{"line":48,"column":0},"end":{"line":48,"column":72}},"48":{"start":{"line":49,"column":0},"end":{"line":49,"column":14}},"49":{"start":{"line":50,"column":0},"end":{"line":50,"column":144}},"50":{"start":{"line":51,"column":0},"end":{"line":51,"column":69}},"51":{"start":{"line":52,"column":0},"end":{"line":52,"column":6}},"52":{"start":{"line":53,"column":0},"end":{"line":53,"column":4}},"53":{"start":{"line":54,"column":0},"end":{"line":54,"column":3}},"54":{"start":{"line":55,"column":0},"end":{"line":55,"column":51}},"55":{"start":{"line":56,"column":0},"end":{"line":56,"column":14}},"56":{"start":{"line":57,"column":0},"end":{"line":57,"column":28}},"57":{"start":{"line":58,"column":0},"end":{"line":58,"column":59}},"58":{"start":{"line":59,"column":0},"end":{"line":59,"column":14}},"59":{"start":{"line":60,"column":0},"end":{"line":60,"column":154}},"60":{"start":{"line":61,"column":0},"end":{"line":61,"column":61}},"61":{"start":{"line":62,"column":0},"end":{"line":62,"column":6}},"62":{"start":{"line":63,"column":0},"end":{"line":63,"column":4}},"63":{"start":{"line":64,"column":0},"end":{"line":64,"column":3}},"64":{"start":{"line":65,"column":0},"end":{"line":65,"column":25}},"65":{"start":{"line":66,"column":0},"end":{"line":66,"column":76}},"66":{"start":{"line":67,"column":0},"end":{"line":67,"column":77}},"67":{"start":{"line":68,"column":0},"end":{"line":68,"column":14}},"68":{"start":{"line":69,"column":0},"end":{"line":69,"column":28}},"69":{"start":{"line":70,"column":0},"end":{"line":70,"column":65}},"70":{"start":{"line":71,"column":0},"end":{"line":71,"column":14}},"71":{"start":{"line":72,"column":0},"end":{"line":72,"column":164}},"72":{"start":{"line":73,"column":0},"end":{"line":73,"column":67}},"73":{"start":{"line":74,"column":0},"end":{"line":74,"column":6}},"74":{"start":{"line":75,"column":0},"end":{"line":75,"column":4}},"75":{"start":{"line":76,"column":0},"end":{"line":76,"column":3}},"76":{"start":{"line":77,"column":0},"end":{"line":77,"column":25}},"77":{"start":{"line":78,"column":0},"end":{"line":78,"column":72}},"78":{"start":{"line":79,"column":0},"end":{"line":79,"column":14}},"79":{"start":{"line":80,"column":0},"end":{"line":80,"column":28}},"80":{"start":{"line":81,"column":0},"end":{"line":81,"column":58}},"81":{"start":{"line":82,"column":0},"end":{"line":82,"column":14}},"82":{"start":{"line":83,"column":0},"end":{"line":83,"column":138}},"83":{"start":{"line":84,"column":0},"end":{"line":84,"column":69}},"84":{"start":{"line":85,"column":0},"end":{"line":85,"column":6}},"85":{"start":{"line":86,"column":0},"end":{"line":86,"column":4}},"87":{"start":{"line":88,"column":0},"end":{"line":88,"column":3}},"88":{"start":{"line":89,"column":0},"end":{"line":89,"column":26}},"89":{"start":{"line":90,"column":0},"end":{"line":90,"column":14}},"90":{"start":{"line":91,"column":0},"end":{"line":91,"column":28}},"91":{"start":{"line":92,"column":0},"end":{"line":92,"column":59}},"92":{"start":{"line":93,"column":0},"end":{"line":93,"column":14}},"93":{"start":{"line":94,"column":0},"end":{"line":94,"column":166}},"94":{"start":{"line":95,"column":0},"end":{"line":95,"column":68}},"95":{"start":{"line":96,"column":0},"end":{"line":96,"column":6}},"96":{"start":{"line":97,"column":0},"end":{"line":97,"column":4}},"97":{"start":{"line":98,"column":0},"end":{"line":98,"column":3}},"98":{"start":{"line":99,"column":0},"end":{"line":99,"column":26}},"99":{"start":{"line":100,"column":0},"end":{"line":100,"column":14}},"100":{"start":{"line":101,"column":0},"end":{"line":101,"column":28}},"101":{"start":{"line":102,"column":0},"end":{"line":102,"column":49}},"102":{"start":{"line":103,"column":0},"end":{"line":103,"column":14}},"103":{"start":{"line":104,"column":0},"end":{"line":104,"column":159}},"104":{"start":{"line":105,"column":0},"end":{"line":105,"column":69}},"105":{"start":{"line":106,"column":0},"end":{"line":106,"column":6}},"106":{"start":{"line":107,"column":0},"end":{"line":107,"column":4}},"107":{"start":{"line":108,"column":0},"end":{"line":108,"column":3}},"108":{"start":{"line":109,"column":0},"end":{"line":109,"column":26}},"109":{"start":{"line":110,"column":0},"end":{"line":110,"column":14}},"110":{"start":{"line":111,"column":0},"end":{"line":111,"column":28}},"111":{"start":{"line":112,"column":0},"end":{"line":112,"column":62}},"112":{"start":{"line":113,"column":0},"end":{"line":113,"column":14}},"113":{"start":{"line":114,"column":0},"end":{"line":114,"column":140}},"114":{"start":{"line":115,"column":0},"end":{"line":115,"column":52}},"115":{"start":{"line":116,"column":0},"end":{"line":116,"column":6}},"116":{"start":{"line":117,"column":0},"end":{"line":117,"column":4}},"117":{"start":{"line":118,"column":0},"end":{"line":118,"column":3}},"118":{"start":{"line":119,"column":0},"end":{"line":119,"column":26}},"119":{"start":{"line":120,"column":0},"end":{"line":120,"column":14}},"120":{"start":{"line":121,"column":0},"end":{"line":121,"column":27}},"121":{"start":{"line":122,"column":0},"end":{"line":122,"column":51}},"122":{"start":{"line":123,"column":0},"end":{"line":123,"column":14}},"123":{"start":{"line":124,"column":0},"end":{"line":124,"column":120}},"124":{"start":{"line":125,"column":0},"end":{"line":125,"column":71}},"125":{"start":{"line":126,"column":0},"end":{"line":126,"column":6}},"126":{"start":{"line":127,"column":0},"end":{"line":127,"column":4}},"127":{"start":{"line":128,"column":0},"end":{"line":128,"column":3}},"128":{"start":{"line":129,"column":0},"end":{"line":129,"column":69}},"129":{"start":{"line":130,"column":0},"end":{"line":130,"column":14}},"130":{"start":{"line":131,"column":0},"end":{"line":131,"column":28}},"131":{"start":{"line":132,"column":0},"end":{"line":132,"column":50}},"132":{"start":{"line":133,"column":0},"end":{"line":133,"column":14}},"133":{"start":{"line":134,"column":0},"end":{"line":134,"column":116}},"134":{"start":{"line":135,"column":0},"end":{"line":135,"column":74}},"135":{"start":{"line":136,"column":0},"end":{"line":136,"column":6}},"136":{"start":{"line":137,"column":0},"end":{"line":137,"column":4}},"137":{"start":{"line":138,"column":0},"end":{"line":138,"column":3}},"138":{"start":{"line":139,"column":0},"end":{"line":139,"column":26}},"139":{"start":{"line":140,"column":0},"end":{"line":140,"column":14}},"140":{"start":{"line":141,"column":0},"end":{"line":141,"column":27}},"141":{"start":{"line":142,"column":0},"end":{"line":142,"column":56}},"142":{"start":{"line":143,"column":0},"end":{"line":143,"column":14}},"143":{"start":{"line":144,"column":0},"end":{"line":144,"column":150}},"144":{"start":{"line":145,"column":0},"end":{"line":145,"column":65}},"145":{"start":{"line":146,"column":0},"end":{"line":146,"column":6}},"146":{"start":{"line":147,"column":0},"end":{"line":147,"column":4}},"147":{"start":{"line":148,"column":0},"end":{"line":148,"column":3}},"148":{"start":{"line":149,"column":0},"end":{"line":149,"column":26}},"149":{"start":{"line":150,"column":0},"end":{"line":150,"column":14}},"150":{"start":{"line":151,"column":0},"end":{"line":151,"column":25}},"151":{"start":{"line":152,"column":0},"end":{"line":152,"column":61}},"152":{"start":{"line":153,"column":0},"end":{"line":153,"column":14}},"153":{"start":{"line":154,"column":0},"end":{"line":154,"column":150}},"154":{"start":{"line":155,"column":0},"end":{"line":155,"column":61}},"155":{"start":{"line":156,"column":0},"end":{"line":156,"column":6}},"156":{"start":{"line":157,"column":0},"end":{"line":157,"column":4}},"157":{"start":{"line":158,"column":0},"end":{"line":158,"column":3}},"158":{"start":{"line":159,"column":0},"end":{"line":159,"column":26}},"159":{"start":{"line":160,"column":0},"end":{"line":160,"column":14}},"160":{"start":{"line":161,"column":0},"end":{"line":161,"column":28}},"161":{"start":{"line":162,"column":0},"end":{"line":162,"column":45}},"162":{"start":{"line":163,"column":0},"end":{"line":163,"column":14}},"163":{"start":{"line":164,"column":0},"end":{"line":164,"column":156}},"164":{"start":{"line":165,"column":0},"end":{"line":165,"column":79}},"165":{"start":{"line":166,"column":0},"end":{"line":166,"column":6}},"166":{"start":{"line":167,"column":0},"end":{"line":167,"column":4}},"167":{"start":{"line":168,"column":0},"end":{"line":168,"column":2}},"169":{"start":{"line":170,"column":0},"end":{"line":170,"column":66}},"170":{"start":{"line":171,"column":0},"end":{"line":171,"column":62}},"171":{"start":{"line":172,"column":0},"end":{"line":172,"column":32}},"172":{"start":{"line":173,"column":0},"end":{"line":173,"column":17}},"173":{"start":{"line":174,"column":0},"end":{"line":174,"column":1}}},"s":{"8":1,"10":1,"11":1,"12":1,"13":1,"14":1,"15":1,"16":1,"17":1,"18":1,"19":1,"20":1,"21":1,"22":96,"23":96,"24":96,"25":1,"26":1,"27":1,"28":1,"29":1,"30":1,"31":1,"32":1,"33":1,"34":1,"35":1,"36":1,"37":1,"38":1,"39":1,"40":1,"41":1,"42":1,"43":1,"44":1,"45":1,"46":1,"47":1,"48":1,"49":1,"50":1,"51":1,"52":1,"53":1,"54":1,"55":1,"56":1,"57":1,"58":1,"59":1,"60":1,"61":1,"62":1,"63":1,"64":1,"65":96,"66":18,"67":1,"68":1,"69":1,"70":1,"71":1,"72":1,"73":1,"74":1,"75":1,"76":1,"77":96,"78":1,"79":1,"80":1,"81":1,"82":1,"83":1,"84":1,"85":1,"87":1,"88":1,"89":1,"90":1,"91":1,"92":1,"93":1,"94":1,"95":1,"96":1,"97":1,"98":1,"99":1,"100":1,"101":1,"102":1,"103":1,"104":1,"105":1,"106":1,"107":1,"108":1,"109":1,"110":1,"111":1,"112":1,"113":1,"114":1,"115":1,"116":1,"117":1,"118":1,"119":1,"120":1,"121":1,"122":1,"123":1,"124":1,"125":1,"126":1,"127":1,"128":1,"129":1,"130":1,"131":1,"132":1,"133":1,"134":1,"135":1,"136":1,"137":1,"138":1,"139":1,"140":1,"141":1,"142":1,"143":1,"144":1,"145":1,"146":1,"147":1,"148":1,"149":1,"150":1,"151":1,"152":1,"153":1,"154":1,"155":1,"156":1,"157":1,"158":1,"159":1,"160":1,"161":1,"162":1,"163":1,"164":1,"165":1,"166":1,"167":1,"169":1,"170":96,"171":96,"172":96,"173":96},"branchMap":{"0":{"type":"branch","line":12,"loc":{"start":{"line":12,"column":15},"end":{"line":12,"column":60}},"locations":[{"start":{"line":12,"column":15},"end":{"line":12,"column":60}}]},"1":{"type":"branch","line":22,"loc":{"start":{"line":22,"column":15},"end":{"line":25,"column":8}},"locations":[{"start":{"line":22,"column":15},"end":{"line":25,"column":8}}]},"2":{"type":"branch","line":35,"loc":{"start":{"line":35,"column":15},"end":{"line":35,"column":55}},"locations":[{"start":{"line":35,"column":15},"end":{"line":35,"column":55}}]},"3":{"type":"branch","line":45,"loc":{"start":{"line":45,"column":15},"end":{"line":45,"column":55}},"locations":[{"start":{"line":45,"column":15},"end":{"line":45,"column":55}}]},"4":{"type":"branch","line":55,"loc":{"start":{"line":55,"column":15},"end":{"line":55,"column":51}},"locations":[{"start":{"line":55,"column":15},"end":{"line":55,"column":51}}]},"5":{"type":"branch","line":65,"loc":{"start":{"line":65,"column":15},"end":{"line":67,"column":77}},"locations":[{"start":{"line":65,"column":15},"end":{"line":67,"column":77}}]},"6":{"type":"branch","line":66,"loc":{"start":{"line":66,"column":29},"end":{"line":66,"column":76}},"locations":[{"start":{"line":66,"column":29},"end":{"line":66,"column":76}}]},"7":{"type":"branch","line":66,"loc":{"start":{"line":66,"column":64},"end":{"line":67,"column":77}},"locations":[{"start":{"line":66,"column":64},"end":{"line":67,"column":77}}]},"8":{"type":"branch","line":77,"loc":{"start":{"line":77,"column":15},"end":{"line":78,"column":72}},"locations":[{"start":{"line":77,"column":15},"end":{"line":78,"column":72}}]},"9":{"type":"branch","line":78,"loc":{"start":{"line":78,"column":28},"end":{"line":78,"column":72}},"locations":[{"start":{"line":78,"column":28},"end":{"line":78,"column":72}}]},"10":{"type":"branch","line":89,"loc":{"start":{"line":89,"column":15},"end":{"line":89,"column":26}},"locations":[{"start":{"line":89,"column":15},"end":{"line":89,"column":26}}]},"11":{"type":"branch","line":99,"loc":{"start":{"line":99,"column":15},"end":{"line":99,"column":26}},"locations":[{"start":{"line":99,"column":15},"end":{"line":99,"column":26}}]},"12":{"type":"branch","line":109,"loc":{"start":{"line":109,"column":15},"end":{"line":109,"column":26}},"locations":[{"start":{"line":109,"column":15},"end":{"line":109,"column":26}}]},"13":{"type":"branch","line":119,"loc":{"start":{"line":119,"column":15},"end":{"line":119,"column":26}},"locations":[{"start":{"line":119,"column":15},"end":{"line":119,"column":26}}]},"14":{"type":"branch","line":129,"loc":{"start":{"line":129,"column":15},"end":{"line":129,"column":69}},"locations":[{"start":{"line":129,"column":15},"end":{"line":129,"column":69}}]},"15":{"type":"branch","line":139,"loc":{"start":{"line":139,"column":15},"end":{"line":139,"column":26}},"locations":[{"start":{"line":139,"column":15},"end":{"line":139,"column":26}}]},"16":{"type":"branch","line":149,"loc":{"start":{"line":149,"column":15},"end":{"line":149,"column":26}},"locations":[{"start":{"line":149,"column":15},"end":{"line":149,"column":26}}]},"17":{"type":"branch","line":159,"loc":{"start":{"line":159,"column":15},"end":{"line":159,"column":26}},"locations":[{"start":{"line":159,"column":15},"end":{"line":159,"column":26}}]},"18":{"type":"branch","line":170,"loc":{"start":{"line":170,"column":7},"end":{"line":174,"column":1}},"locations":[{"start":{"line":170,"column":7},"end":{"line":174,"column":1}}]},"19":{"type":"branch","line":171,"loc":{"start":{"line":171,"column":30},"end":{"line":171,"column":61}},"locations":[{"start":{"line":171,"column":30},"end":{"line":171,"column":61}}]},"20":{"type":"branch","line":172,"loc":{"start":{"line":172,"column":9},"end":{"line":172,"column":31}},"locations":[{"start":{"line":172,"column":9},"end":{"line":172,"column":31}}]}},"b":{"0":[96],"1":[96],"2":[96],"3":[96],"4":[96],"5":[96],"6":[89],"7":[18],"8":[96],"9":[89],"10":[96],"11":[96],"12":[96],"13":[96],"14":[96],"15":[96],"16":[96],"17":[96],"18":[96],"19":[1440],"20":[895]},"fnMap":{"0":{"name":"condition","decl":{"start":{"line":12,"column":15},"end":{"line":12,"column":60}},"loc":{"start":{"line":12,"column":15},"end":{"line":12,"column":60}},"line":12},"1":{"name":"condition","decl":{"start":{"line":22,"column":15},"end":{"line":25,"column":8}},"loc":{"start":{"line":22,"column":15},"end":{"line":25,"column":8}},"line":22},"2":{"name":"condition","decl":{"start":{"line":35,"column":15},"end":{"line":35,"column":55}},"loc":{"start":{"line":35,"column":15},"end":{"line":35,"column":55}},"line":35},"3":{"name":"condition","decl":{"start":{"line":45,"column":15},"end":{"line":45,"column":55}},"loc":{"start":{"line":45,"column":15},"end":{"line":45,"column":55}},"line":45},"4":{"name":"condition","decl":{"start":{"line":55,"column":15},"end":{"line":55,"column":51}},"loc":{"start":{"line":55,"column":15},"end":{"line":55,"column":51}},"line":55},"5":{"name":"condition","decl":{"start":{"line":65,"column":15},"end":{"line":67,"column":77}},"loc":{"start":{"line":65,"column":15},"end":{"line":67,"column":77}},"line":65},"6":{"name":"condition","decl":{"start":{"line":77,"column":15},"end":{"line":78,"column":72}},"loc":{"start":{"line":77,"column":15},"end":{"line":78,"column":72}},"line":77},"7":{"name":"condition","decl":{"start":{"line":89,"column":15},"end":{"line":89,"column":26}},"loc":{"start":{"line":89,"column":15},"end":{"line":89,"column":26}},"line":89},"8":{"name":"condition","decl":{"start":{"line":99,"column":15},"end":{"line":99,"column":26}},"loc":{"start":{"line":99,"column":15},"end":{"line":99,"column":26}},"line":99},"9":{"name":"condition","decl":{"start":{"line":109,"column":15},"end":{"line":109,"column":26}},"loc":{"start":{"line":109,"column":15},"end":{"line":109,"column":26}},"line":109},"10":{"name":"condition","decl":{"start":{"line":119,"column":15},"end":{"line":119,"column":26}},"loc":{"start":{"line":119,"column":15},"end":{"line":119,"column":26}},"line":119},"11":{"name":"condition","decl":{"start":{"line":129,"column":15},"end":{"line":129,"column":69}},"loc":{"start":{"line":129,"column":15},"end":{"line":129,"column":69}},"line":129},"12":{"name":"condition","decl":{"start":{"line":139,"column":15},"end":{"line":139,"column":26}},"loc":{"start":{"line":139,"column":15},"end":{"line":139,"column":26}},"line":139},"13":{"name":"condition","decl":{"start":{"line":149,"column":15},"end":{"line":149,"column":26}},"loc":{"start":{"line":149,"column":15},"end":{"line":149,"column":26}},"line":149},"14":{"name":"condition","decl":{"start":{"line":159,"column":15},"end":{"line":159,"column":26}},"loc":{"start":{"line":159,"column":15},"end":{"line":159,"column":26}},"line":159},"15":{"name":"generateWarnings","decl":{"start":{"line":170,"column":7},"end":{"line":174,"column":1}},"loc":{"start":{"line":170,"column":7},"end":{"line":174,"column":1}},"line":170}},"f":{"0":96,"1":96,"2":96,"3":96,"4":96,"5":96,"6":96,"7":96,"8":96,"9":96,"10":96,"11":96,"12":96,"13":96,"14":96,"15":96}}
}
